20240219	14:12:51	a343e179-403f-4e92-ac18-8c14d8b113c7	undefined: ETIMEOUT	querySrv	_mongodb._tcp.onlineubtcluster.okqtin6.mongodb.net
20240416	15:45:13	f37f0ce8-7e60-4bd7-9d63-0fa487df6b57	undefined: ESERVFAIL	querySrv	_mongodb._tcp.onlineubtcluster.okqtin6.mongodb.net
20240603	19:34:49	edfd3299-1313-4829-a492-1c48b957e0be	undefined: undefined	undefined	undefined
20240603	19:36:36	1a97ee5f-54c8-42ea-89db-aa6a44cc6436	undefined: undefined	undefined	undefined
20240603	19:37:12	22398e44-65c6-4c12-bea7-57cefebdaac3	undefined: undefined	undefined	undefined
20240603	19:41:02	097e51b9-1d3b-4e75-a953-33b2d675720b	undefined: undefined	undefined	undefined
20240606	11:38:13	acd77b09-e494-4d95-8c8d-ef439e3d2b92	undefined: ETIMEOUT	querySrv	_mongodb._tcp.onlineubtcluster.okqtin6.mongodb.net
20240612	12:25:14	891f0cce-d9d1-44bc-a38b-b78542dd4c3d	undefined: ESERVFAIL	querySrv	_mongodb._tcp.onlineubtcluster.okqtin6.mongodb.net
20240612	15:00:51	fe54b717-0e63-4940-98de-c91397c1d733	undefined: ESERVFAIL	querySrv	_mongodb._tcp.onlineubtcluster.okqtin6.mongodb.net
20240612	15:01:14	926fbae9-b681-4aa2-9f81-cd58d2167175	undefined: ESERVFAIL	querySrv	_mongodb._tcp.onlineubtcluster.okqtin6.mongodb.net
20240726	15:49:57	4f02e9b3-94a9-48e5-a8bb-3665786ce254	undefined: ESERVFAIL	querySrv	_mongodb._tcp.onlineubtcluster.okqtin6.mongodb.net
20240726	15:50:45	f45577b4-9272-4934-a1f4-9bf3e4992ec7	undefined: ESERVFAIL	queryTxt	onlineubtcluster.okqtin6.mongodb.net
20240726	16:42:28	c3c1f8b4-3db4-4063-b0e9-6408a275c52c	undefined: ESERVFAIL	querySrv	_mongodb._tcp.onlineubtcluster.okqtin6.mongodb.net
20240726	16:48:51	cbf472ca-0638-4f5f-8dc2-9db28faed78b	undefined: ESERVFAIL	queryTxt	onlineubtcluster.okqtin6.mongodb.net
20240726	19:05:44	90ead26b-005f-434f-99f6-113d9b2fec9d	undefined: ESERVFAIL	querySrv	_mongodb._tcp.onlineubtcluster.okqtin6.mongodb.net
20240726	19:06:42	c2e17dda-fbc6-4ff5-adc6-5f372c8168d3	undefined: ETIMEOUT	querySrv	_mongodb._tcp.onlineubtcluster.okqtin6.mongodb.net
20240726	19:07:03	ef2e5bb4-421b-4c27-9002-f7e3390444b3	undefined: ESERVFAIL	querySrv	_mongodb._tcp.onlineubtcluster.okqtin6.mongodb.net
20240726	19:09:16	866d9389-1375-48ec-86a1-c17ff0cb8a9b	undefined: undefined	undefined	undefined
20240726	19:11:37	cb941c90-3acc-4693-a908-7e048bde029c	undefined: ESERVFAIL	querySrv	_mongodb._tcp.onlineubtcluster.okqtin6.mongodb.net
20240726	19:12:54	5767a549-63d9-461b-8c6b-23a00ee0f131	undefined: ESERVFAIL	querySrv	_mongodb._tcp.onlineubtcluster.okqtin6.mongodb.net
20240726	19:20:04	73f6967f-61d7-4135-ba23-a6ce03df43a3	undefined: ESERVFAIL	querySrv	_mongodb._tcp.onlineubtcluster.okqtin6.mongodb.net
20240726	19:48:49	8a410fad-106c-4e3d-a7cb-ea78e0ca59b8	undefined: undefined	undefined	undefined
20240726	19:49:15	92e2b991-c750-4cc6-91b9-eb9388eb00ef	undefined: ESERVFAIL	querySrv	_mongodb._tcp.onlineubtcluster.okqtin6.mongodb.net
20240726	20:32:38	917b6363-7d4f-413d-bf0e-4879ceb89125	undefined: undefined	undefined	undefined
20240726	20:43:33	a612c36a-fd5c-403a-994f-6abe81f205e1	undefined: ETIMEOUT	querySrv	_mongodb._tcp.onlineubtcluster.okqtin6.mongodb.net
20240726	20:44:32	a57fa38a-aafe-4420-8a2e-088ee61be785	undefined: undefined	undefined	undefined
20240726	20:48:48	36f4ea70-97bd-4c30-9117-3af0be7de597	undefined: undefined	undefined	undefined
20240726	20:49:10	e50710c5-f406-46ed-a3e6-6d7103c4e41d	undefined: ESERVFAIL	querySrv	_mongodb._tcp.onlineubtcluster.okqtin6.mongodb.net
20240726	20:49:43	d8c91b31-48c0-4ccf-b3e7-46014d42f5e6	undefined: undefined	undefined	undefined
20240726	20:50:20	9dbcac93-448d-4ea2-b190-eebb244359d6	undefined: ETIMEOUT	querySrv	_mongodb._tcp.onlineubtcluster.okqtin6.mongodb.net
20240726	20:51:01	a5701178-2a3a-4e17-8345-797fc0e6dfff	undefined: ESERVFAIL	querySrv	_mongodb._tcp.onlineubtcluster.okqtin6.mongodb.net
20240726	20:51:45	13319d9c-946c-4c43-94d4-3a98a0aa5702	undefined: ETIMEOUT	querySrv	_mongodb._tcp.onlineubtcluster.okqtin6.mongodb.net
20240726	20:52:38	b6901e98-f51e-4a8f-bfd6-e9d926e479d8	undefined: ESERVFAIL	querySrv	_mongodb._tcp.onlineubtcluster.okqtin6.mongodb.net
20240726	21:43:42	4970a471-e299-4a51-aa62-ec55995961c8	undefined: ESERVFAIL	querySrv	_mongodb._tcp.onlineubtcluster.okqtin6.mongodb.net
20240726	21:44:17	d3bdb93e-debb-4f6f-be5b-81b8382ed10c	undefined: ESERVFAIL	querySrv	_mongodb._tcp.onlineubtcluster.okqtin6.mongodb.net
20240726	21:44:59	1b9fbf76-1775-4445-a0e0-d132323f0ffd	undefined: undefined	undefined	undefined
